0 info it worked if it ends with ok
1 verbose cli [ '/usr/local/Cellar/node/5.0.0/bin/node',
1 verbose cli   '/usr/local/bin/npm',
1 verbose cli   'publish' ]
2 info using npm@3.3.9
3 info using node@v5.0.0
4 verbose publish [ '.' ]
5 silly cache add args [ '.', null ]
6 verbose cache add spec .
7 silly cache add parsed spec Result {
7 silly cache add   raw: '.',
7 silly cache add   scope: null,
7 silly cache add   name: null,
7 silly cache add   rawSpec: '.',
7 silly cache add   spec: '/Users/Adrian/git/gulp',
7 silly cache add   type: 'directory' }
8 verbose addLocalDirectory /Users/Adrian/.npm/mango-gulp/1.0.14/package.tgz not in flight; packing
9 info lifecycle mango-gulp@1.0.14~prepublish: mango-gulp@1.0.14
10 silly lifecycle mango-gulp@1.0.14~prepublish: no script for prepublish, continuing
11 verbose tar pack [ '/Users/Adrian/.npm/mango-gulp/1.0.14/package.tgz',
11 verbose tar pack   '/Users/Adrian/git/gulp' ]
12 verbose tarball /Users/Adrian/.npm/mango-gulp/1.0.14/package.tgz
13 verbose folder /Users/Adrian/git/gulp
14 verbose addLocalTarball adding from inside cache /Users/Adrian/.npm/mango-gulp/1.0.14/package.tgz
15 silly cache afterAdd mango-gulp@1.0.14
16 verbose afterAdd /Users/Adrian/.npm/mango-gulp/1.0.14/package/package.json not in flight; writing
17 verbose afterAdd /Users/Adrian/.npm/mango-gulp/1.0.14/package/package.json written
18 silly publish { name: 'mango-gulp',
18 silly publish   version: '1.0.14',
18 silly publish   description: 'A Gulp boilerplate.',
18 silly publish   main: 'gulpfile.js',
18 silly publish   scripts: { postinstall: 'mv gulpfile.boilerplate.js ../../gulpfile.js' },
18 silly publish   author: '',
18 silly publish   license: 'ISC',
18 silly publish   dependencies:
18 silly publish    { 'browser-sync': '^2.9.11',
18 silly publish      del: '^2.0.2',
18 silly publish      'eslint-plugin-angular': '^0.13.0',
18 silly publish      gulp: '^3.9.0',
18 silly publish      'gulp-add-src': '^0.2.0',
18 silly publish      'gulp-angular-htmlify': '^2.3.0',
18 silly publish      'gulp-angular-templatecache': '^1.8.0',
18 silly publish      'gulp-autoprefixer': '^3.1.0',
18 silly publish      'gulp-cached': '^1.1.0',
18 silly publish      'gulp-cat': '^0.3.3',
18 silly publish      'gulp-changed': '^1.3.0',
18 silly publish      'gulp-cheerio': '^0.6.2',
18 silly publish      'gulp-concat': '^2.6.0',
18 silly publish      'gulp-debug': '^2.1.2',
18 silly publish      'gulp-eslint': '^1.0.0',
18 silly publish      'gulp-favicons': '^1.0.9',
18 silly publish      'gulp-filesize': '0.0.6',
18 silly publish      'gulp-ga': '0.0.4',
18 silly publish      'gulp-if': '^2.0.0',
18 silly publish      'gulp-iife': '^0.1.0',
18 silly publish      'gulp-jshint': '^1.11.2',
18 silly publish      'gulp-jsvalidate': '^2.0.0',
18 silly publish      'gulp-load-plugins': '^1.0.0',
18 silly publish      'gulp-minify-css': '^1.2.1',
18 silly publish      'gulp-minify-html': '^1.0.4',
18 silly publish      'gulp-minify-inline': '^0.1.1',
18 silly publish      'gulp-newer': '^0.5.1',
18 silly publish      'gulp-ng-annotate': '^1.1.0',
18 silly publish      'gulp-notify': '^2.2.0',
18 silly publish      'gulp-plumber': '^1.0.1',
18 silly publish      'gulp-print': '^2.0.1',
18 silly publish      'gulp-remember': '^0.3.0',
18 silly publish      'gulp-rename': '^1.2.2',
18 silly publish      'gulp-rev': '^6.0.1',
18 silly publish      'gulp-rev-delete-original': '0.0.2',
18 silly publish      'gulp-rev-replace': '^0.4.2',
18 silly publish      'gulp-sass': '^2.0.4',
18 silly publish      'gulp-sequence': '^0.4.1',
18 silly publish      'gulp-size': '^2.0.0',
18 silly publish      'gulp-sizereport': '^1.1.3',
18 silly publish      'gulp-sourcemaps': '^1.6.0',
18 silly publish      'gulp-uglify': '^1.4.2',
18 silly publish      'gulp-util': '^3.0.7',
18 silly publish      'load-gulp-tasks': '^0.1.0',
18 silly publish      'load-plugins': '^2.1.0',
18 silly publish      'main-bower-files': '^2.9.0',
18 silly publish      metaparser: '^1.0.6',
18 silly publish      through2: '^2.0.0' },
18 silly publish   gitHead: '68b3b23574f1336d10be1f592ada4fe6bcb37070',
18 silly publish   readme: 'ERROR: No README data found!',
18 silly publish   _id: 'mango-gulp@1.0.14',
18 silly publish   _shasum: '100455a2a08a3cb3b2c5598f4a4fc030e8179c3a',
18 silly publish   _from: '.' }
19 verbose getPublishConfig undefined
20 silly mapToRegistry name mango-gulp
21 silly mapToRegistry using default registry
22 silly mapToRegistry registry https://registry.npmjs.org/
23 silly mapToRegistry uri https://registry.npmjs.org/mango-gulp
24 verbose publish registryBase https://registry.npmjs.org/
25 silly publish uploading /Users/Adrian/.npm/mango-gulp/1.0.14/package.tgz
26 verbose request uri https://registry.npmjs.org/mango-gulp
27 verbose request sending authorization for write operation
28 info attempt registry request try #1 at 11:23:21 AM
29 verbose request using bearer token for auth
30 verbose request id b536229b3873a5b1
31 http request PUT https://registry.npmjs.org/mango-gulp
32 http 403 https://registry.npmjs.org/mango-gulp
33 verbose headers { 'content-type': 'application/json',
33 verbose headers   'cache-control': 'max-age=60',
33 verbose headers   'content-length': '96',
33 verbose headers   'accept-ranges': 'bytes',
33 verbose headers   date: 'Tue, 03 Nov 2015 10:23:24 GMT',
33 verbose headers   via: '1.1 varnish',
33 verbose headers   connection: 'keep-alive',
33 verbose headers   'x-served-by': 'cache-fra1247-FRA',
33 verbose headers   'x-cache': 'MISS',
33 verbose headers   'x-cache-hits': '0',
33 verbose headers   'x-timer': 'S1446546203.426639,VS0,VE1481' }
34 verbose request invalidating /Users/Adrian/.npm/registry.npmjs.org/mango-gulp on PUT
35 error publish Failed PUT 403
36 verbose stack Error: "You cannot publish over the previously published version 1.0.14." : mango-gulp
36 verbose stack     at makeError (/usr/local/lib/node_modules/npm/node_modules/npm-registry-client/lib/request.js:264:12)
36 verbose stack     at CachingRegistryClient.<anonymous> (/usr/local/lib/node_modules/npm/node_modules/npm-registry-client/lib/request.js:252:14)
36 verbose stack     at Request._callback (/usr/local/lib/node_modules/npm/node_modules/npm-registry-client/lib/request.js:172:14)
36 verbose stack     at Request.self.callback (/usr/local/lib/node_modules/npm/node_modules/request/request.js:198:22)
36 verbose stack     at emitTwo (events.js:87:13)
36 verbose stack     at Request.emit (events.js:172:7)
36 verbose stack     at Request.<anonymous> (/usr/local/lib/node_modules/npm/node_modules/request/request.js:1082:10)
36 verbose stack     at emitOne (events.js:82:20)
36 verbose stack     at Request.emit (events.js:169:7)
36 verbose stack     at IncomingMessage.<anonymous> (/usr/local/lib/node_modules/npm/node_modules/request/request.js:1009:12)
37 verbose statusCode 403
38 verbose pkgid mango-gulp
39 verbose cwd /Users/Adrian/git/gulp
40 error Darwin 15.0.0
41 error argv "/usr/local/Cellar/node/5.0.0/bin/node" "/usr/local/bin/npm" "publish"
42 error node v5.0.0
43 error npm  v3.3.9
44 error code E403
45 error "You cannot publish over the previously published version 1.0.14." : mango-gulp
46 error If you need help, you may report this error at:
46 error     <https://github.com/npm/npm/issues>
47 verbose exit [ 1, true ]
